0 info it worked if it ends with ok
1 verbose cli [ '/usr/bin/node', '/usr/bin/npm', 'view' ]
2 info using npm@6.14.8
3 info using node@v12.18.2
4 verbose config Skipping project config: /root/.npmrc. (matches userconfig)
5 verbose npm-session 82f7d82ac78371c2
6 verbose stack Error: Invalid package.json
6 verbose stack     at /usr/share/npm/lib/view.js:104:30
6 verbose stack     at tryCatcher (/usr/share/nodejs/bluebird/js/release/util.js:16:23)
6 verbose stack     at Promise.errorAdapter [as _rejectionHandler0] (/usr/share/nodejs/bluebird/js/release/nodeify.js:35:34)
6 verbose stack     at Promise._settlePromise (/usr/share/nodejs/bluebird/js/release/promise.js:601:21)
6 verbose stack     at Promise._settlePromise0 (/usr/share/nodejs/bluebird/js/release/promise.js:649:10)
6 verbose stack     at Promise._settlePromises (/usr/share/nodejs/bluebird/js/release/promise.js:725:18)
6 verbose stack     at _drainQueueStep (/usr/share/nodejs/bluebird/js/release/async.js:93:12)
6 verbose stack     at _drainQueue (/usr/share/nodejs/bluebird/js/release/async.js:86:9)
6 verbose stack     at Async._drainQueues (/usr/share/nodejs/bluebird/js/release/async.js:102:5)
6 verbose stack     at Immediate.Async.drainQueues [as _onImmediate] (/usr/share/nodejs/bluebird/js/release/async.js:15:14)
6 verbose stack     at processImmediate (internal/timers.js:456:21)
7 verbose cwd /root
8 verbose Linux 5.8.0-25-generic
9 verbose argv "/usr/bin/node" "/usr/bin/npm" "view"
10 verbose node v12.18.2
11 verbose npm  v6.14.8
12 error Invalid package.json
13 verbose exit [ 1, true ]
